<?xml version="1.0" encoding="UTF-8"?>
<testng-results skipped="0" failed="0" total="1" passed="1">
  <reporter-output>
  </reporter-output>
  <suite name="Default suite" duration-ms="5570" started-at="2019-07-25T03:32:29Z" finished-at="2019-07-25T03:32:34Z">
    <groups>
    </groups>
    <test name="Default test" duration-ms="5570" started-at="2019-07-25T03:32:29Z" finished-at="2019-07-25T03:32:34Z">
      <class name="HomePageTest">
        <test-method status="PASS" signature="init()[pri:0, instance:HomePageTest@16a51ab]" name="init" is-config="true" duration-ms="5144" started-at="2019-07-25T09:02:29Z" finished-at="2019-07-25T09:02:34Z">
          <reporter-output>
          </reporter-output>
        </test-method> <!-- init -->
        <test-method status="PASS" signature="check_Button_color()[pri:0, instance:HomePageTest@16a51ab]" name="check_Button_color" duration-ms="184" started-at="2019-07-25T09:02:34Z" finished-at="2019-07-25T09:02:34Z">
          <reporter-output>
          </reporter-output>
        </test-method> <!-- check_Button_color -->
        <test-method status="PASS" signature="tearDown()[pri:0, instance:HomePageTest@16a51ab]" name="tearDown" is-config="true" duration-ms="218" started-at="2019-07-25T09:02:34Z" finished-at="2019-07-25T09:02:34Z">
          <reporter-output>
          </reporter-output>
        </test-method> <!-- tearDown -->
      </class> <!-- HomePageTest -->
    </test> <!-- Default test -->
  </suite> <!-- Default suite -->
</testng-results>
